<?xml version="1.0" encoding="UTF-8"?>
<testng-results ignored="0" total="1" passed="1" failed="0" skipped="0">
  <reporter-output>
  </reporter-output>
  <suite started-at="2020-02-26T15:08:59 GMT" name="Default suite" finished-at="2020-02-26T15:09:15 GMT" duration-ms="16066">
    <groups>
    </groups>
    <test started-at="2020-02-26T15:08:59 GMT" name="Default test" finished-at="2020-02-26T15:09:15 GMT" duration-ms="16066">
      <class name="BasicUsage.BasicUsage">
        <test-method signature="dragdrop()[pri:0, instance:BasicUsage.BasicUsage@49c386c8]" started-at="2020-02-26T15:08:59 GMT" name="dragdrop" finished-at="2020-02-26T15:09:15 GMT" duration-ms="15989" status="PASS">
          <reporter-output>
          </reporter-output>
        </test-method> <!-- dragdrop -->
      </class> <!-- BasicUsage.BasicUsage -->
    </test> <!-- Default test -->
  </suite> <!-- Default suite -->
</testng-results>
